[handleMsg]:  {
  type: 'text',
  from: '573133419219',
  to: '15556295558',
  body: 'Hola',
  name: 'Juan Vargas',
  pushName: 'Juan Vargas',
  message_id: 'wamid.HBgMNTczMTMzNDE5MjE5FQIAEhggMzI0ODUwNDFBMzdBN0NBNkI0NDQwRDAwMUI1QThEOTAA',
  timestamp: '1743516911',
  host: '15556295558'
}
[QUEUE_SE_ENVIO]:  {
  ref: 'ans_28b7ebcd-3467-4d06-a6f2-987b17c30f66',
  keyword: 'key_0201cad2-2bad-4876-b2ce-8e0c53f9e16d',
  answer: '¿En qué te puedo ayudar hoy?',
  options: {
    media: undefined,
    buttons: [],
    capture: true,
    delay: 0,
    idle: undefined,
    ref: undefined,
    nested: [],
    keyword: {},
    callback: true
  },
  refSerialize: 'cad59ecdca039e80155786f3cda7ecc1'
}
[handleMsg]:  {
  type: 'text',
  from: '573133419219',
  to: '15556295558',
  body: 'Hola',
  name: 'Juan Vargas',
  pushName: 'Juan Vargas',
  message_id: 'wamid.HBgMNTczMTMzNDE5MjE5FQIAEhggNDkzQ0VBMzZBNjQxQ0NGNTY4OUU2NEI2MDZFNkJBRDQA',
  timestamp: '1743516973',
  host: '15556295558'
}
[QUEUE_SE_ENVIO]:  {
  ref: 'ans_28b7ebcd-3467-4d06-a6f2-987b17c30f66',
  keyword: 'key_0201cad2-2bad-4876-b2ce-8e0c53f9e16d',
  answer: '¿En qué te puedo ayudar hoy?',
  options: {
    media: undefined,
    buttons: [],
    capture: true,
    delay: 0,
    idle: undefined,
    ref: undefined,
    nested: [],
    keyword: {},
    callback: true
  },
  refSerialize: 'cad59ecdca039e80155786f3cda7ecc1'
}
[handleMsg]:  {
  type: 'text',
  from: '573133419219',
  to: '15556295558',
  body: 'Hola',
  name: 'Juan Vargas',
  pushName: 'Juan Vargas',
  message_id: 'wamid.HBgMNTczMTMzNDE5MjE5FQIAEhggRUZCQkM0MjEyMEMyMUJBRDQ4RkJEM0EzODcwODc4RjgA',
  timestamp: '1743517021',
  host: '15556295558'
}
[QUEUE_SE_ENVIO]:  {
  ref: 'ans_28b7ebcd-3467-4d06-a6f2-987b17c30f66',
  keyword: 'key_0201cad2-2bad-4876-b2ce-8e0c53f9e16d',
  answer: '¿En qué te puedo ayudar hoy?',
  options: {
    media: undefined,
    buttons: [],
    capture: true,
    delay: 0,
    idle: undefined,
    ref: undefined,
    nested: [],
    keyword: {},
    callback: true
  },
  refSerialize: 'cad59ecdca039e80155786f3cda7ecc1'
}
[handleMsg]:  {
  type: 'text',
  from: '573133419219',
  to: '15556295558',
  body: 'Hola',
  name: 'Juan Vargas',
  pushName: 'Juan Vargas',
  message_id: 'wamid.HBgMNTczMTMzNDE5MjE5FQIAEhggNzZDNjkyM0Y2QTJGNDA1OEE1QzI3N0NCODYxQjhEQzgA',
  timestamp: '1743516895',
  host: '15556295558'
}
[QUEUE_SE_ENVIO]:  {
  ref: 'ans_28b7ebcd-3467-4d06-a6f2-987b17c30f66',
  keyword: 'key_0201cad2-2bad-4876-b2ce-8e0c53f9e16d',
  answer: '¿En qué te puedo ayudar hoy?',
  options: {
    media: undefined,
    buttons: [],
    capture: true,
    delay: 0,
    idle: undefined,
    ref: undefined,
    nested: [],
    keyword: {},
    callback: true
  },
  refSerialize: 'cad59ecdca039e80155786f3cda7ecc1'
}
[handleMsg]:  {
  type: 'text',
  from: '573133419219',
  to: '15556295558',
  body: 'Hola',
  name: 'Juan Vargas',
  pushName: 'Juan Vargas',
  message_id: 'wamid.HBgMNTczMTMzNDE5MjE5FQIAEhggODBGMjc3MTExOUVFODVERUI3MzU4REFERTExMEQ5QzYA',
  timestamp: '1743516978',
  host: '15556295558'
}
[handleMsg]:  {
  type: 'text',
  from: '573133419219',
  to: '15556295558',
  body: 'Me llamo Juan',
  name: 'Juan Vargas',
  pushName: 'Juan Vargas',
  message_id: 'wamid.HBgMNTczMTMzNDE5MjE5FQIAEhggMDFBQjVGNUMwMERCNDUxNTBFREZERDBGQ0ZCOTNFQzQA',
  timestamp: '1743517034',
  host: '15556295558'
}
[QUEUE_SE_ENVIO]:  {
  ref: 'ans_28b7ebcd-3467-4d06-a6f2-987b17c30f66',
  keyword: 'key_0201cad2-2bad-4876-b2ce-8e0c53f9e16d',
  answer: '¿En qué te puedo ayudar hoy?',
  options: {
    media: undefined,
    buttons: [],
    capture: true,
    delay: 0,
    idle: undefined,
    ref: undefined,
    nested: [],
    keyword: {},
    callback: true
  },
  refSerialize: 'cad59ecdca039e80155786f3cda7ecc1'
}
[handleMsg]:  {
  type: 'text',
  from: '573133419219',
  to: '15556295558',
  body: 'Me llamo Juan',
  name: 'Juan Vargas',
  pushName: 'Juan Vargas',
  message_id: 'wamid.HBgMNTczMTMzNDE5MjE5FQIAEhggNzNGNjdDNDU0NzcwM0M1NTYwNTE2MzQxOEUwNkQ0QjUA',
  timestamp: '1743517043',
  host: '15556295558'
}
